<?xml version="1.0" encoding="utf-8"?>
<TestRun id="1080a6e4-3834-449c-a4ef-bc547243f91b" name="Areesha.Raees@QA-AREESHA 2025-01-31 13:46:54" runUser="QA-AREESHA\Areesha.Raees" xmlns="http://microsoft.com/schemas/VisualStudio/TeamTest/2010">
  <Times creation="2025-01-31T13:46:54.9882312+05:00" queuing="2025-01-31T13:46:54.9882317+05:00" start="2025-01-31T13:46:28.7896924+05:00" finish="2025-01-31T13:46:55.0678589+05:00" />
  <TestSettings name="default" id="e1cf02e8-7e11-4677-aa0e-50c129dd3057">
    <Deployment runDeploymentRoot="Areesha.Raees_QA-AREESHA_2025-01-31_13_46_54" />
  </TestSettings>
  <Results>
    <UnitTestResult executionId="21a06615-248f-4252-a70e-126062d0e3a0" testId="6373f443-ba89-2dc5-5eee-8dc2e93b7627" testName="LoginTest" computerName="QA-AREESHA" duration="00:00:24.6231470" startTime="2025-01-31T13:46:30.0642748+05:00" endTime="2025-01-31T13:46:54.6872639+05:00" testType="13cdc9d9-ddb5-4fa4-a97d-d965ccfc6d4b" outcome="Failed" testListId="8c84fa94-04c1-424b-9868-57a2d4851a1d" relativeResultsDirectory="21a06615-248f-4252-a70e-126062d0e3a0">
      <Output>
        <ErrorInfo>
          <Message>Microsoft.Playwright.PlaywrightException : Error: strict mode violation: Locator("a:has-text('Home')") resolved to 2 elements:&#xD;
    1) &lt;a href="../../Home.aspx" class="main-links active hm-icon confirmleave"&gt;Home&lt;/a&gt; aka Locator("#HomePage").GetByRole(AriaRole.Link, new() { Name = "Home" })&#xD;
    2) &lt;a href="../../HomePCDC.aspx" class="main-links active hm-icon confirmleave"&gt;Home&lt;/a&gt; aka Locator("#HomePCDCPage").GetByRole(AriaRole.Link, new() { Name = "Home" })&#xD;
&#xD;
Call log:&#xD;
  -   - waiting for Locator("a:has-text('Home')")</Message>
          <StackTrace>   at Microsoft.Playwright.Transport.Connection.InnerSendMessageToServerAsync[T](ChannelOwner object, String method, Dictionary`2 dictionary, Boolean keepNulls) in /_/src/Playwright/Transport/Connection.cs:line 206&#xD;
   at Microsoft.Playwright.Transport.Connection.WrapApiCallAsync[T](Func`1 action, Boolean isInternal) in /_/src/Playwright/Transport/Connection.cs:line 535&#xD;
   at Tests.LoginTest() in C:\Users\Areesha.Raees\PlaywrightEbizPOM\Test.cs:line 23&#xD;
   at NUnit.Framework.Internal.TaskAwaitAdapter.GenericAdapter`1.BlockUntilCompleted()&#xD;
   at NUnit.Framework.Internal.MessagePumpStrategy.NoMessagePumpStrategy.WaitForCompletion(AwaitAdapter awaiter)&#xD;
   at NUnit.Framework.Internal.AsyncToSyncAdapter.Await(Func`1 invoke)&#xD;
   at NUnit.Framework.Internal.Commands.TestMethodCommand.RunTestMethod(TestExecutionContext context)&#xD;
   at NUnit.Framework.Internal.Commands.TestMethodCommand.Execute(TestExecutionContext context)&#xD;
   at NUnit.Framework.Internal.Commands.BeforeAndAfterTestCommand.&lt;&gt;c__DisplayClass1_0.&lt;Execute&gt;b__0()&#xD;
   at NUnit.Framework.Internal.Commands.BeforeAndAfterTestCommand.RunTestMethodInThreadAbortSafeZone(TestExecutionContext context, Action action)
</StackTrace>
        </ErrorInfo>
      </Output>
      <ResultFiles>
        <ResultFile path="QA-AREESHA\LoginTest.png" />
        <ResultFile path="QA-AREESHA\LoginTest.zip" />
      </ResultFiles>
    </UnitTestResult>
  </Results>
  <TestDefinitions>
    <UnitTest name="LoginTest" storage="c:\users\areesha.raees\playwrightebizpom\bin\debug\net9.0\playwrightebizpom.dll" id="6373f443-ba89-2dc5-5eee-8dc2e93b7627">
      <Execution id="21a06615-248f-4252-a70e-126062d0e3a0" />
      <TestMethod codeBase="C:\Users\Areesha.Raees\PlaywrightEbizPOM\bin\Debug\net9.0\PlaywrightEbizPOM.dll" adapterTypeName="executor://nunit3testexecutor/" className="Tests" name="LoginTest" />
    </UnitTest>
  </TestDefinitions>
  <TestEntries>
    <TestEntry testId="6373f443-ba89-2dc5-5eee-8dc2e93b7627" executionId="21a06615-248f-4252-a70e-126062d0e3a0" testListId="8c84fa94-04c1-424b-9868-57a2d4851a1d" />
  </TestEntries>
  <TestLists>
    <TestList name="Results Not in a List" id="8c84fa94-04c1-424b-9868-57a2d4851a1d" />
    <TestList name="All Loaded Results" id="19431567-8539-422a-85d7-44ee4e166bda" />
  </TestLists>
  <ResultSummary outcome="Failed">
    <Counters total="1" executed="1" passed="0" failed="1" error="0" timeout="0" aborted="0" inconclusive="0" passedButRunAborted="0" notRunnable="0" notExecuted="0" disconnected="0" warning="0" completed="0" inProgress="0" pending="0" />
    <Output>
      <StdOut>NUnit Adapter 4.6.0.0: Test execution started&#xD;
Running all tests in C:\Users\Areesha.Raees\PlaywrightEbizPOM\bin\Debug\net9.0\PlaywrightEbizPOM.dll&#xD;
   NUnit3TestExecutor discovered 1 of 1 NUnit test cases using Current Discovery mode, Non-Explicit run&#xD;
NUnit Adapter 4.6.0.0: Test execution complete&#xD;
</StdOut>
    </Output>
  </ResultSummary>
</TestRun>